<?xml version="1.0" encoding="UTF-8"?>
<testsuite name="com.mindex.challenge.ChallengeApplicationTests" tests="1" skipped="0" failures="0" errors="0" timestamp="2022-03-21T06:08:13" hostname="jeff-XPS-15-7590" time="0.002">
  <properties/>
  <testcase name="contextLoads" classname="com.mindex.challenge.ChallengeApplicationTests" time="0.002"/>
  <system-out><![CDATA[2022-03-21 02:08:13.197  INFO 38890 --- [    Test worker] .b.t.c.SpringBootTestContextBootstrapper : Neither @ContextConfiguration nor @ContextHierarchy found for test class [com.mindex.challenge.ChallengeApplicationTests], using SpringBootContextLoader
2022-03-21 02:08:13.198  INFO 38890 --- [    Test worker] o.s.t.c.support.AbstractContextLoader    : Could not detect default resource locations for test class [com.mindex.challenge.ChallengeApplicationTests]: no resource found for suffixes {-context.xml, Context.groovy}.
2022-03-21 02:08:13.199  INFO 38890 --- [    Test worker] t.c.s.AnnotationConfigContextLoaderUtils : Could not detect default configuration classes for test class [com.mindex.challenge.ChallengeApplicationTests]: ChallengeApplicationTests does not declare any static, non-private, non-final, nested classes annotated with @Configuration.
2022-03-21 02:08:13.200  INFO 38890 --- [    Test worker] .b.t.c.SpringBootTestContextBootstrapper : Found @SpringBootConfiguration com.mindex.challenge.ChallengeApplication for test class com.mindex.challenge.ChallengeApplicationTests
2022-03-21 02:08:13.201  INFO 38890 --- [    Test worker] .b.t.c.SpringBootTestContextBootstrapper : Loaded default TestExecutionListener class names from location [META-INF/spring.factories]: [org.springframework.boot.test.autoconfigure.restdocs.RestDocsTestExecutionListener, org.springframework.boot.test.autoconfigure.web.client.MockRestServiceServerResetTestExecutionListener, org.springframework.boot.test.autoconfigure.web.servlet.MockMvcPrintOnlyOnFailureTestExecutionListener, org.springframework.boot.test.autoconfigure.web.servlet.WebDriverTestExecutionListener, org.springframework.boot.test.mock.mockito.MockitoTestExecutionListener, org.springframework.boot.test.mock.mockito.ResetMocksTestExecutionListener, org.springframework.test.context.web.ServletTestExecutionListener, org.springframework.test.context.support.DirtiesContextBeforeModesTestExecutionListener, org.springframework.test.context.support.DependencyInjectionTestExecutionListener, org.springframework.test.context.support.DirtiesContextTestExecutionListener, org.springframework.test.context.transaction.TransactionalTestExecutionListener, org.springframework.test.context.jdbc.SqlScriptsTestExecutionListener, org.springframework.test.context.event.EventPublishingTestExecutionListener]
2022-03-21 02:08:13.201  INFO 38890 --- [    Test worker] .b.t.c.SpringBootTestContextBootstrapper : Using TestExecutionListeners: [org.springframework.test.context.web.ServletTestExecutionListener@4aac81ca, org.springframework.test.context.support.DirtiesContextBeforeModesTestExecutionListener@393ae7a0, org.springframework.boot.test.mock.mockito.MockitoTestExecutionListener@63326a3a, org.springframework.boot.test.autoconfigure.SpringBootDependencyInjectionTestExecutionListener@3e04abc5, org.springframework.test.context.support.DirtiesContextTestExecutionListener@1008df1e, org.springframework.test.context.transaction.TransactionalTestExecutionListener@7ee12d58, org.springframework.test.context.jdbc.SqlScriptsTestExecutionListener@e72fb04, org.springframework.test.context.event.EventPublishingTestExecutionListener@1533338c, org.springframework.boot.test.autoconfigure.restdocs.RestDocsTestExecutionListener@4315fe1b, org.springframework.boot.test.autoconfigure.web.client.MockRestServiceServerResetTestExecutionListener@34e990cc, org.springframework.boot.test.autoconfigure.web.servlet.MockMvcPrintOnlyOnFailureTestExecutionListener@2d5ae78e, org.springframework.boot.test.autoconfigure.web.servlet.WebDriverTestExecutionListener@21f91efa, org.springframework.boot.test.mock.mockito.ResetMocksTestExecutionListener@4df0d9f8]
]]></system-out>
  <system-err><![CDATA[]]></system-err>
</testsuite>
